<?xml version="1.0" encoding="UTF-8"?>
<testng-results total="1" passed="1" failed="0" skipped="0">
  <reporter-output>
  </reporter-output>
  <suite started-at="2022-02-26T08:51:16Z" name="Default suite" finished-at="2022-02-26T08:51:17Z" duration-ms="1440">
    <groups>
    </groups>
    <test started-at="2022-02-26T08:51:16Z" name="Default test" finished-at="2022-02-26T08:51:17Z" duration-ms="1440">
      <class name="TouristMe.NewTest">
        <test-method is-config="true" signature="beforeTest()[pri:0, instance:TouristMe.NewTest@3bcd05cb]" started-at="2022-02-26T16:51:16Z" name="beforeTest" finished-at="2022-02-26T16:51:16Z" duration-ms="5" status="PASS">
          <reporter-output>
          </reporter-output>
        </test-method> <!-- beforeTest -->
        <test-method signature="f()[pri:0, instance:TouristMe.NewTest@3bcd05cb]" started-at="2022-02-26T16:51:16Z" name="f" finished-at="2022-02-26T16:51:17Z" duration-ms="1426" status="PASS">
          <reporter-output>
          </reporter-output>
        </test-method> <!-- f -->
        <test-method is-config="true" signature="afterTest()[pri:0, instance:TouristMe.NewTest@3bcd05cb]" started-at="2022-02-26T16:51:17Z" name="afterTest" finished-at="2022-02-26T16:51:17Z" duration-ms="1" status="PASS">
          <reporter-output>
          </reporter-output>
        </test-method> <!-- afterTest -->
      </class> <!-- TouristMe.NewTest -->
    </test> <!-- Default test -->
  </suite> <!-- Default suite -->
</testng-results>
